2019-02-18 18:52:14 - MOD: Modification Default

FILE: system/engine/action.php
REGEX: ~(require|include)(_once)?\(([^)]+)~
LINE: 41

FILE: system/engine/loader.php
REGEX: ~(require|include)(_once)?\(([^)]+)~
LINE: 49
LINE: 108
LINE: 120
LINE: 165

FILE: system/library/config.php
REGEX: ~(require|include)(_once)?\(([^)]+)~
LINE: 23

FILE: system/library/language.php
REGEX: ~(require|include)(_once)?\(([^)]+)~
LINE: 38
LINE: 40
LINE: 49
LINE: 51
LINE: 60
LINE: 62

FILE: system/library/template/php.php
REGEX: ~(require|include)(_once)?\(([^)]+)~
LINE: 18

FILE: system/library/template/tiwg.php
REGEX: ~(require|include)(_once)?\(([^)]+)~
LINE: 24
----------------------------------------------------------------
2019-02-27 20:53:42 - MOD: Modification Default

FILE: system/engine/action.php
REGEX: ~(require|include)(_once)?\(([^)]+)~
LINE: 41

FILE: system/engine/loader.php
REGEX: ~(require|include)(_once)?\(([^)]+)~
LINE: 49
LINE: 108
LINE: 120
LINE: 165

FILE: system/library/config.php
REGEX: ~(require|include)(_once)?\(([^)]+)~
LINE: 23

FILE: system/library/language.php
REGEX: ~(require|include)(_once)?\(([^)]+)~
LINE: 38
LINE: 40
LINE: 49
LINE: 51
LINE: 60
LINE: 62

FILE: system/library/template/php.php
REGEX: ~(require|include)(_once)?\(([^)]+)~
LINE: 18

FILE: system/library/template/tiwg.php
REGEX: ~(require|include)(_once)?\(([^)]+)~
LINE: 24
----------------------------------------------------------------
MOD: |Quickfix by iSenseLabs

FILE: admin/controller/extension/installer.php
CODE: 'extension/installer/ftp'
LINE: 131
CODE: 'url'  => str_replace('&amp;', '&', $this->url->link('extension/installer/'. $this->rewrite_step('ftp', 'localremove'), 'token=' . $this->session->data['token'],
NOT FOUND - OPERATION SKIPPED!
CODE: 'url'  => str_replace('&amp;', '&', $this->url->link('extension/installer/'. $this->rewrite_step('localcopy', 'localremove'), 'token=' . $this->session->data['token'],
NOT FOUND - OPERATION SKIPPED!
CODE: public function unzip() {
LINE: 292
----------------------------------------------------------------
2019-02-27 20:54:57 - MOD: Modification Default

FILE: system/engine/action.php
REGEX: ~(require|include)(_once)?\(([^)]+)~
LINE: 41

FILE: system/engine/loader.php
REGEX: ~(require|include)(_once)?\(([^)]+)~
LINE: 49
LINE: 108
LINE: 120
LINE: 165

FILE: system/library/config.php
REGEX: ~(require|include)(_once)?\(([^)]+)~
LINE: 23

FILE: system/library/language.php
REGEX: ~(require|include)(_once)?\(([^)]+)~
LINE: 38
LINE: 40
LINE: 49
LINE: 51
LINE: 60
LINE: 62

FILE: system/library/template/php.php
REGEX: ~(require|include)(_once)?\(([^)]+)~
LINE: 18

FILE: system/library/template/tiwg.php
REGEX: ~(require|include)(_once)?\(([^)]+)~
LINE: 24
----------------------------------------------------------------
MOD: |Quickfix by iSenseLabs

FILE: admin/controller/extension/installer.php
CODE: 'extension/installer/ftp'
LINE: 131
CODE: 'url'  => str_replace('&amp;', '&', $this->url->link('extension/installer/'. $this->rewrite_step('ftp', 'localremove'), 'token=' . $this->session->data['token'],
NOT FOUND - OPERATION SKIPPED!
CODE: 'url'  => str_replace('&amp;', '&', $this->url->link('extension/installer/'. $this->rewrite_step('localcopy', 'localremove'), 'token=' . $this->session->data['token'],
NOT FOUND - OPERATION SKIPPED!
CODE: public function unzip() {
LINE: 292
----------------------------------------------------------------
2019-02-27 20:55:28 - MOD: Modification Default

FILE: system/engine/action.php
REGEX: ~(require|include)(_once)?\(([^)]+)~
LINE: 41

FILE: system/engine/loader.php
REGEX: ~(require|include)(_once)?\(([^)]+)~
LINE: 49
LINE: 108
LINE: 120
LINE: 165

FILE: system/library/config.php
REGEX: ~(require|include)(_once)?\(([^)]+)~
LINE: 23

FILE: system/library/language.php
REGEX: ~(require|include)(_once)?\(([^)]+)~
LINE: 38
LINE: 40
LINE: 49
LINE: 51
LINE: 60
LINE: 62

FILE: system/library/template/php.php
REGEX: ~(require|include)(_once)?\(([^)]+)~
LINE: 18

FILE: system/library/template/tiwg.php
REGEX: ~(require|include)(_once)?\(([^)]+)~
LINE: 24
----------------------------------------------------------------
MOD: |Quickfix by iSenseLabs

FILE: admin/controller/extension/installer.php
CODE: 'extension/installer/ftp'
LINE: 131
CODE: 'url'  => str_replace('&amp;', '&', $this->url->link('extension/installer/'. $this->rewrite_step('ftp', 'localremove'), 'token=' . $this->session->data['token'],
NOT FOUND - OPERATION SKIPPED!
CODE: 'url'  => str_replace('&amp;', '&', $this->url->link('extension/installer/'. $this->rewrite_step('localcopy', 'localremove'), 'token=' . $this->session->data['token'],
NOT FOUND - OPERATION SKIPPED!
CODE: public function unzip() {
LINE: 292
----------------------------------------------------------------
2019-02-27 20:57:14 - MOD: Modification Default

FILE: system/engine/action.php
REGEX: ~(require|include)(_once)?\(([^)]+)~
LINE: 41

FILE: system/engine/loader.php
REGEX: ~(require|include)(_once)?\(([^)]+)~
LINE: 49
LINE: 108
LINE: 120
LINE: 165

FILE: system/library/config.php
REGEX: ~(require|include)(_once)?\(([^)]+)~
LINE: 23

FILE: system/library/language.php
REGEX: ~(require|include)(_once)?\(([^)]+)~
LINE: 38
LINE: 40
LINE: 49
LINE: 51
LINE: 60
LINE: 62

FILE: system/library/template/php.php
REGEX: ~(require|include)(_once)?\(([^)]+)~
LINE: 18

FILE: system/library/template/tiwg.php
REGEX: ~(require|include)(_once)?\(([^)]+)~
LINE: 24
----------------------------------------------------------------
MOD: |Quickfix by iSenseLabs

FILE: admin/controller/extension/installer.php
CODE: 'extension/installer/ftp'
LINE: 131
CODE: 'url'  => str_replace('&amp;', '&', $this->url->link('extension/installer/'. $this->rewrite_step('ftp', 'localremove'), 'token=' . $this->session->data['token'],
NOT FOUND - OPERATION SKIPPED!
CODE: 'url'  => str_replace('&amp;', '&', $this->url->link('extension/installer/'. $this->rewrite_step('localcopy', 'localremove'), 'token=' . $this->session->data['token'],
NOT FOUND - OPERATION SKIPPED!
CODE: public function unzip() {
LINE: 292
----------------------------------------------------------------
2019-03-04 19:35:52 - MOD: Modification Default

FILE: system/engine/action.php
REGEX: ~(require|include)(_once)?\(([^)]+)~
LINE: 41

FILE: system/engine/loader.php
REGEX: ~(require|include)(_once)?\(([^)]+)~
LINE: 49
LINE: 108
LINE: 120
LINE: 165

FILE: system/library/config.php
REGEX: ~(require|include)(_once)?\(([^)]+)~
LINE: 23

FILE: system/library/language.php
REGEX: ~(require|include)(_once)?\(([^)]+)~
LINE: 38
LINE: 40
LINE: 49
LINE: 51
LINE: 60
LINE: 62

FILE: system/library/template/php.php
REGEX: ~(require|include)(_once)?\(([^)]+)~
LINE: 18

FILE: system/library/template/tiwg.php
REGEX: ~(require|include)(_once)?\(([^)]+)~
LINE: 24
----------------------------------------------------------------
MOD: |Quickfix by iSenseLabs

FILE: admin/controller/extension/installer.php
CODE: 'extension/installer/ftp'
LINE: 131
CODE: 'url'  => str_replace('&amp;', '&', $this->url->link('extension/installer/'. $this->rewrite_step('ftp', 'localremove'), 'token=' . $this->session->data['token'],
NOT FOUND - OPERATION SKIPPED!
CODE: 'url'  => str_replace('&amp;', '&', $this->url->link('extension/installer/'. $this->rewrite_step('localcopy', 'localremove'), 'token=' . $this->session->data['token'],
NOT FOUND - OPERATION SKIPPED!
CODE: public function unzip() {
LINE: 292
----------------------------------------------------------------
2019-03-04 19:59:53 - MOD: Modification Default

FILE: system/engine/action.php
REGEX: ~(require|include)(_once)?\(([^)]+)~
LINE: 41

FILE: system/engine/loader.php
REGEX: ~(require|include)(_once)?\(([^)]+)~
LINE: 49
LINE: 108
LINE: 120
LINE: 165

FILE: system/library/config.php
REGEX: ~(require|include)(_once)?\(([^)]+)~
LINE: 23

FILE: system/library/language.php
REGEX: ~(require|include)(_once)?\(([^)]+)~
LINE: 38
LINE: 40
LINE: 49
LINE: 51
LINE: 60
LINE: 62

FILE: system/library/template/php.php
REGEX: ~(require|include)(_once)?\(([^)]+)~
LINE: 18

FILE: system/library/template/tiwg.php
REGEX: ~(require|include)(_once)?\(([^)]+)~
LINE: 24
----------------------------------------------------------------
MOD: |Quickfix by iSenseLabs

FILE: admin/controller/extension/installer.php
CODE: 'extension/installer/ftp'
LINE: 131
CODE: 'url'  => str_replace('&amp;', '&', $this->url->link('extension/installer/'. $this->rewrite_step('ftp', 'localremove'), 'token=' . $this->session->data['token'],
NOT FOUND - OPERATION SKIPPED!
CODE: 'url'  => str_replace('&amp;', '&', $this->url->link('extension/installer/'. $this->rewrite_step('localcopy', 'localremove'), 'token=' . $this->session->data['token'],
NOT FOUND - OPERATION SKIPPED!
CODE: public function unzip() {
LINE: 292
----------------------------------------------------------------
2019-03-04 20:29:23 - MOD: Modification Default

FILE: system/engine/action.php
REGEX: ~(require|include)(_once)?\(([^)]+)~
LINE: 41

FILE: system/engine/loader.php
REGEX: ~(require|include)(_once)?\(([^)]+)~
LINE: 49
LINE: 108
LINE: 120
LINE: 165

FILE: system/library/config.php
REGEX: ~(require|include)(_once)?\(([^)]+)~
LINE: 23

FILE: system/library/language.php
REGEX: ~(require|include)(_once)?\(([^)]+)~
LINE: 38
LINE: 40
LINE: 49
LINE: 51
LINE: 60
LINE: 62

FILE: system/library/template/php.php
REGEX: ~(require|include)(_once)?\(([^)]+)~
LINE: 18

FILE: system/library/template/tiwg.php
REGEX: ~(require|include)(_once)?\(([^)]+)~
LINE: 24
----------------------------------------------------------------
MOD: Modify Name Text v1.0

FILE: catalog/language/en-gb/common/header.php
CODE: $_['text_home']          = 'Home';
LINE: 2
----------------------------------------------------------------
MOD: |Quickfix by iSenseLabs

FILE: admin/controller/extension/installer.php
CODE: 'extension/installer/ftp'
LINE: 131
CODE: 'url'  => str_replace('&amp;', '&', $this->url->link('extension/installer/'. $this->rewrite_step('ftp', 'localremove'), 'token=' . $this->session->data['token'],
NOT FOUND - OPERATION SKIPPED!
CODE: 'url'  => str_replace('&amp;', '&', $this->url->link('extension/installer/'. $this->rewrite_step('localcopy', 'localremove'), 'token=' . $this->session->data['token'],
NOT FOUND - OPERATION SKIPPED!
CODE: public function unzip() {
LINE: 292
----------------------------------------------------------------
2019-03-04 20:29:25 - MOD: Modification Default

FILE: system/engine/action.php
REGEX: ~(require|include)(_once)?\(([^)]+)~
LINE: 41

FILE: system/engine/loader.php
REGEX: ~(require|include)(_once)?\(([^)]+)~
LINE: 49
LINE: 108
LINE: 120
LINE: 165

FILE: system/library/config.php
REGEX: ~(require|include)(_once)?\(([^)]+)~
LINE: 23

FILE: system/library/language.php
REGEX: ~(require|include)(_once)?\(([^)]+)~
LINE: 38
LINE: 40
LINE: 49
LINE: 51
LINE: 60
LINE: 62

FILE: system/library/template/php.php
REGEX: ~(require|include)(_once)?\(([^)]+)~
LINE: 18

FILE: system/library/template/tiwg.php
REGEX: ~(require|include)(_once)?\(([^)]+)~
LINE: 24
----------------------------------------------------------------
MOD: Modify Name Text v1.0

FILE: catalog/language/en-gb/common/header.php
CODE: $_['text_home']          = 'Home';
LINE: 2
----------------------------------------------------------------
MOD: |Quickfix by iSenseLabs

FILE: admin/controller/extension/installer.php
CODE: 'extension/installer/ftp'
LINE: 131
CODE: 'url'  => str_replace('&amp;', '&', $this->url->link('extension/installer/'. $this->rewrite_step('ftp', 'localremove'), 'token=' . $this->session->data['token'],
NOT FOUND - OPERATION SKIPPED!
CODE: 'url'  => str_replace('&amp;', '&', $this->url->link('extension/installer/'. $this->rewrite_step('localcopy', 'localremove'), 'token=' . $this->session->data['token'],
NOT FOUND - OPERATION SKIPPED!
CODE: public function unzip() {
LINE: 292
----------------------------------------------------------------
2019-03-04 20:29:32 - MOD: Modification Default

FILE: system/engine/action.php
REGEX: ~(require|include)(_once)?\(([^)]+)~
LINE: 41

FILE: system/engine/loader.php
REGEX: ~(require|include)(_once)?\(([^)]+)~
LINE: 49
LINE: 108
LINE: 120
LINE: 165

FILE: system/library/config.php
REGEX: ~(require|include)(_once)?\(([^)]+)~
LINE: 23

FILE: system/library/language.php
REGEX: ~(require|include)(_once)?\(([^)]+)~
LINE: 38
LINE: 40
LINE: 49
LINE: 51
LINE: 60
LINE: 62

FILE: system/library/template/php.php
REGEX: ~(require|include)(_once)?\(([^)]+)~
LINE: 18

FILE: system/library/template/tiwg.php
REGEX: ~(require|include)(_once)?\(([^)]+)~
LINE: 24
----------------------------------------------------------------
MOD: Modify Name Text v1.0

FILE: catalog/language/en-gb/common/header.php
CODE: $_['text_home']          = 'Home';
LINE: 2
----------------------------------------------------------------
MOD: |Quickfix by iSenseLabs

FILE: admin/controller/extension/installer.php
CODE: 'extension/installer/ftp'
LINE: 131
CODE: 'url'  => str_replace('&amp;', '&', $this->url->link('extension/installer/'. $this->rewrite_step('ftp', 'localremove'), 'token=' . $this->session->data['token'],
NOT FOUND - OPERATION SKIPPED!
CODE: 'url'  => str_replace('&amp;', '&', $this->url->link('extension/installer/'. $this->rewrite_step('localcopy', 'localremove'), 'token=' . $this->session->data['token'],
NOT FOUND - OPERATION SKIPPED!
CODE: public function unzip() {
LINE: 292
----------------------------------------------------------------
2019-03-04 20:31:05 - MOD: Modification Default

FILE: system/engine/action.php
REGEX: ~(require|include)(_once)?\(([^)]+)~
LINE: 41

FILE: system/engine/loader.php
REGEX: ~(require|include)(_once)?\(([^)]+)~
LINE: 49
LINE: 108
LINE: 120
LINE: 165

FILE: system/library/config.php
REGEX: ~(require|include)(_once)?\(([^)]+)~
LINE: 23

FILE: system/library/language.php
REGEX: ~(require|include)(_once)?\(([^)]+)~
LINE: 38
LINE: 40
LINE: 49
LINE: 51
LINE: 60
LINE: 62

FILE: system/library/template/php.php
REGEX: ~(require|include)(_once)?\(([^)]+)~
LINE: 18

FILE: system/library/template/tiwg.php
REGEX: ~(require|include)(_once)?\(([^)]+)~
LINE: 24
----------------------------------------------------------------
MOD: Modify Name Text v1.0

FILE: catalog/language/en-gb/common/footer.php
CODE: $_['text_powered']      = 'Powered By <a href="http://www.opencart.com">OpenCart</a><br /> %s &copy; %s';
LINE: 16
----------------------------------------------------------------
MOD: |Quickfix by iSenseLabs

FILE: admin/controller/extension/installer.php
CODE: 'extension/installer/ftp'
LINE: 131
CODE: 'url'  => str_replace('&amp;', '&', $this->url->link('extension/installer/'. $this->rewrite_step('ftp', 'localremove'), 'token=' . $this->session->data['token'],
NOT FOUND - OPERATION SKIPPED!
CODE: 'url'  => str_replace('&amp;', '&', $this->url->link('extension/installer/'. $this->rewrite_step('localcopy', 'localremove'), 'token=' . $this->session->data['token'],
NOT FOUND - OPERATION SKIPPED!
CODE: public function unzip() {
LINE: 292
----------------------------------------------------------------
2019-03-04 20:31:07 - MOD: Modification Default

FILE: system/engine/action.php
REGEX: ~(require|include)(_once)?\(([^)]+)~
LINE: 41

FILE: system/engine/loader.php
REGEX: ~(require|include)(_once)?\(([^)]+)~
LINE: 49
LINE: 108
LINE: 120
LINE: 165

FILE: system/library/config.php
REGEX: ~(require|include)(_once)?\(([^)]+)~
LINE: 23

FILE: system/library/language.php
REGEX: ~(require|include)(_once)?\(([^)]+)~
LINE: 38
LINE: 40
LINE: 49
LINE: 51
LINE: 60
LINE: 62

FILE: system/library/template/php.php
REGEX: ~(require|include)(_once)?\(([^)]+)~
LINE: 18

FILE: system/library/template/tiwg.php
REGEX: ~(require|include)(_once)?\(([^)]+)~
LINE: 24
----------------------------------------------------------------
MOD: Modify Name Text v1.0

FILE: catalog/language/en-gb/common/footer.php
CODE: $_['text_powered']      = 'Powered By <a href="http://www.opencart.com">OpenCart</a><br /> %s &copy; %s';
LINE: 16
----------------------------------------------------------------
MOD: |Quickfix by iSenseLabs

FILE: admin/controller/extension/installer.php
CODE: 'extension/installer/ftp'
LINE: 131
CODE: 'url'  => str_replace('&amp;', '&', $this->url->link('extension/installer/'. $this->rewrite_step('ftp', 'localremove'), 'token=' . $this->session->data['token'],
NOT FOUND - OPERATION SKIPPED!
CODE: 'url'  => str_replace('&amp;', '&', $this->url->link('extension/installer/'. $this->rewrite_step('localcopy', 'localremove'), 'token=' . $this->session->data['token'],
NOT FOUND - OPERATION SKIPPED!
CODE: public function unzip() {
LINE: 292
----------------------------------------------------------------
2019-03-04 20:33:11 - MOD: Modification Default

FILE: system/engine/action.php
REGEX: ~(require|include)(_once)?\(([^)]+)~
LINE: 41

FILE: system/engine/loader.php
REGEX: ~(require|include)(_once)?\(([^)]+)~
LINE: 49
LINE: 108
LINE: 120
LINE: 165

FILE: system/library/config.php
REGEX: ~(require|include)(_once)?\(([^)]+)~
LINE: 23

FILE: system/library/language.php
REGEX: ~(require|include)(_once)?\(([^)]+)~
LINE: 38
LINE: 40
LINE: 49
LINE: 51
LINE: 60
LINE: 62

FILE: system/library/template/php.php
REGEX: ~(require|include)(_once)?\(([^)]+)~
LINE: 18

FILE: system/library/template/tiwg.php
REGEX: ~(require|include)(_once)?\(([^)]+)~
LINE: 24
----------------------------------------------------------------
MOD: Modify Name Text v1.0

FILE: catalog/language/en-gb/common/footer.php
CODE: $_['text_all']           = 'Show All';
NOT FOUND - OPERATIONS ABORTED!
----------------------------------------------------------------
MOD: |Quickfix by iSenseLabs

FILE: admin/controller/extension/installer.php
CODE: 'extension/installer/ftp'
LINE: 131
CODE: 'url'  => str_replace('&amp;', '&', $this->url->link('extension/installer/'. $this->rewrite_step('ftp', 'localremove'), 'token=' . $this->session->data['token'],
NOT FOUND - OPERATION SKIPPED!
CODE: 'url'  => str_replace('&amp;', '&', $this->url->link('extension/installer/'. $this->rewrite_step('localcopy', 'localremove'), 'token=' . $this->session->data['token'],
NOT FOUND - OPERATION SKIPPED!
CODE: public function unzip() {
LINE: 292
----------------------------------------------------------------
2019-03-04 21:11:05 - MOD: Modification Default

FILE: system/engine/action.php
REGEX: ~(require|include)(_once)?\(([^)]+)~
LINE: 41

FILE: system/engine/loader.php
REGEX: ~(require|include)(_once)?\(([^)]+)~
LINE: 49
LINE: 108
LINE: 120
LINE: 165

FILE: system/library/config.php
REGEX: ~(require|include)(_once)?\(([^)]+)~
LINE: 23

FILE: system/library/language.php
REGEX: ~(require|include)(_once)?\(([^)]+)~
LINE: 38
LINE: 40
LINE: 49
LINE: 51
LINE: 60
LINE: 62

FILE: system/library/template/php.php
REGEX: ~(require|include)(_once)?\(([^)]+)~
LINE: 18

FILE: system/library/template/tiwg.php
REGEX: ~(require|include)(_once)?\(([^)]+)~
LINE: 24
----------------------------------------------------------------
MOD: Modify Name Text v1.0

FILE: catalog/language/en-gb/common/header.php
CODE: $_['text_all']           = 'Show All';
LINE: 15
----------------------------------------------------------------
MOD: |Quickfix by iSenseLabs

FILE: admin/controller/extension/installer.php
CODE: 'extension/installer/ftp'
LINE: 131
CODE: 'url'  => str_replace('&amp;', '&', $this->url->link('extension/installer/'. $this->rewrite_step('ftp', 'localremove'), 'token=' . $this->session->data['token'],
NOT FOUND - OPERATION SKIPPED!
CODE: 'url'  => str_replace('&amp;', '&', $this->url->link('extension/installer/'. $this->rewrite_step('localcopy', 'localremove'), 'token=' . $this->session->data['token'],
NOT FOUND - OPERATION SKIPPED!
CODE: public function unzip() {
LINE: 292
----------------------------------------------------------------
2019-03-04 21:12:08 - MOD: Modification Default

FILE: system/engine/action.php
REGEX: ~(require|include)(_once)?\(([^)]+)~
LINE: 41

FILE: system/engine/loader.php
REGEX: ~(require|include)(_once)?\(([^)]+)~
LINE: 49
LINE: 108
LINE: 120
LINE: 165

FILE: system/library/config.php
REGEX: ~(require|include)(_once)?\(([^)]+)~
LINE: 23

FILE: system/library/language.php
REGEX: ~(require|include)(_once)?\(([^)]+)~
LINE: 38
LINE: 40
LINE: 49
LINE: 51
LINE: 60
LINE: 62

FILE: system/library/template/php.php
REGEX: ~(require|include)(_once)?\(([^)]+)~
LINE: 18

FILE: system/library/template/tiwg.php
REGEX: ~(require|include)(_once)?\(([^)]+)~
LINE: 24
----------------------------------------------------------------
MOD: Modify Name Text v1.0

FILE: catalog/language/en-gb/common/footer.php
CODE: $_['text_powered']      = 'Powered By <a href="http://www.opencart.com">OpenCart</a><br /> %s &copy; %s';
LINE: 16
----------------------------------------------------------------
MOD: |Quickfix by iSenseLabs

FILE: admin/controller/extension/installer.php
CODE: 'extension/installer/ftp'
LINE: 131
CODE: 'url'  => str_replace('&amp;', '&', $this->url->link('extension/installer/'. $this->rewrite_step('ftp', 'localremove'), 'token=' . $this->session->data['token'],
NOT FOUND - OPERATION SKIPPED!
CODE: 'url'  => str_replace('&amp;', '&', $this->url->link('extension/installer/'. $this->rewrite_step('localcopy', 'localremove'), 'token=' . $this->session->data['token'],
NOT FOUND - OPERATION SKIPPED!
CODE: public function unzip() {
LINE: 292
----------------------------------------------------------------
2019-03-04 21:12:09 - MOD: Modification Default

FILE: system/engine/action.php
REGEX: ~(require|include)(_once)?\(([^)]+)~
LINE: 41

FILE: system/engine/loader.php
REGEX: ~(require|include)(_once)?\(([^)]+)~
LINE: 49
LINE: 108
LINE: 120
LINE: 165

FILE: system/library/config.php
REGEX: ~(require|include)(_once)?\(([^)]+)~
LINE: 23

FILE: system/library/language.php
REGEX: ~(require|include)(_once)?\(([^)]+)~
LINE: 38
LINE: 40
LINE: 49
LINE: 51
LINE: 60
LINE: 62

FILE: system/library/template/php.php
REGEX: ~(require|include)(_once)?\(([^)]+)~
LINE: 18

FILE: system/library/template/tiwg.php
REGEX: ~(require|include)(_once)?\(([^)]+)~
LINE: 24
----------------------------------------------------------------
MOD: Modify Name Text v1.0

FILE: catalog/language/en-gb/common/footer.php
CODE: $_['text_powered']      = 'Powered By <a href="http://www.opencart.com">OpenCart</a><br /> %s &copy; %s';
LINE: 16
----------------------------------------------------------------
MOD: |Quickfix by iSenseLabs

FILE: admin/controller/extension/installer.php
CODE: 'extension/installer/ftp'
LINE: 131
CODE: 'url'  => str_replace('&amp;', '&', $this->url->link('extension/installer/'. $this->rewrite_step('ftp', 'localremove'), 'token=' . $this->session->data['token'],
NOT FOUND - OPERATION SKIPPED!
CODE: 'url'  => str_replace('&amp;', '&', $this->url->link('extension/installer/'. $this->rewrite_step('localcopy', 'localremove'), 'token=' . $this->session->data['token'],
NOT FOUND - OPERATION SKIPPED!
CODE: public function unzip() {
LINE: 292
----------------------------------------------------------------
